Using pre-set license
Built from '2023.2/staging' branch; Version is '2023.2.18f1 (1cb755715f58) revision 1881941'; Using compiler version '193431935'; Build Type 'Release'
OS: 'Windows 11  (10.0.22621) 64bit CoreSingleLanguage' Language: 'es' Physical Memory: 23967 MB
BatchMode: 1, IsHumanControllingUs: 0, StartBugReporterOnCrash: 0, Is64bit: 1, IsPro: 1

COMMAND LINE ARGUMENTS:
D:\videojuegos\Unity 2023.2.18f1\Editor\Unity.exe
-adb2
-batchMode
-noUpm
-name
AssetImportWorker0
-projectPath
D:/unity/ppe2/ppe2
-logFile
Logs/AssetImportWorker0.log
-srvPort
56606
-job-worker-count
7
-background-job-worker-count
8
-asset-garbage-collectors
1
Successfully changed project path to: D:/unity/ppe2/ppe2
D:/unity/ppe2/ppe2
[UnityMemory] Configuration Parameters - Can be set up in boot.config
    "memorysetup-bucket-allocator-granularity=16"
    "memorysetup-bucket-allocator-bucket-count=8"
    "memorysetup-bucket-allocator-block-size=33554432"
    "memorysetup-bucket-allocator-block-count=8"
    "memorysetup-main-allocator-block-size=16777216"
    "memorysetup-thread-allocator-block-size=16777216"
    "memorysetup-gfx-main-allocator-block-size=16777216"
    "memorysetup-gfx-thread-allocator-block-size=16777216"
    "memorysetup-cache-allocator-block-size=4194304"
    "memorysetup-typetree-allocator-block-size=2097152"
    "memorysetup-profiler-bucket-allocator-granularity=16"
    "memorysetup-profiler-bucket-allocator-bucket-count=8"
    "memorysetup-profiler-bucket-allocator-block-size=33554432"
    "memorysetup-profiler-bucket-allocator-block-count=8"
    "memorysetup-profiler-allocator-block-size=16777216"
    "memorysetup-profiler-editor-allocator-block-size=1048576"
    "memorysetup-temp-allocator-size-main=16777216"
    "memorysetup-job-temp-allocator-block-size=2097152"
    "memorysetup-job-temp-allocator-block-size-background=1048576"
    "memorysetup-job-temp-allocator-reduction-small-platforms=262144"
    "memorysetup-allocator-temp-initial-block-size-main=262144"
    "memorysetup-allocator-temp-initial-block-size-worker=262144"
    "memorysetup-temp-allocator-size-background-worker=32768"
    "memorysetup-temp-allocator-size-job-worker=262144"
    "memorysetup-temp-allocator-size-preload-manager=33554432"
    "memorysetup-temp-allocator-size-nav-mesh-worker=65536"
    "memorysetup-temp-allocator-size-audio-worker=65536"
    "memorysetup-temp-allocator-size-cloud-worker=32768"
    "memorysetup-temp-allocator-size-gi-baking-worker=262144"
    "memorysetup-temp-allocator-size-gi-baking-worker=262144"
    "memorysetup-temp-allocator-size-gi-baking-worker=262144"
    "memorysetup-temp-allocator-size-gi-baking-worker=262144"
    "memorysetup-temp-allocator-size-gfx=262144"
Player connection [42000] Host "[IP] 192.168.1.85 [Port] 0 [Flags] 2 [Guid] 2309784519 [EditorId] 2309784519 [Version] 1048832 [Id] WindowsEditor(7,CaseBroom65) [Debug] 1 [PackageName] WindowsEditor [ProjectName] Editor" joined multi-casting on [225.0.0.222:54997]...
Player connection [42000] Host "[IP] 192.168.1.85 [Port] 0 [Flags] 2 [Guid] 2309784519 [EditorId] 2309784519 [Version] 1048832 [Id] WindowsEditor(7,CaseBroom65) [Debug] 1 [PackageName] WindowsEditor [ProjectName] Editor" joined alternative multi-casting on [225.0.0.222:34997]...
JobSystem: Creating JobQueue using job-worker-count value 7
[Physics::Module] Initialized MultithreadedJobDispatcher with 7 workers.
Library Redirect Path: Library/
Refreshing native plugins compatible for Editor in 2.97 ms, found 3 plugins.
Preloading 0 native plugins for Editor in 0.00 ms.
Initialize engine version: 2023.2.18f1 (1cb755715f58)
[Subsystems] Discovering subsystems at path D:/videojuegos/Unity 2023.2.18f1/Editor/Data/Resources/UnitySubsystems
[Subsystems] Discovering subsystems at path D:/unity/ppe2/ppe2/Assets
GfxDevice: creating device client; kGfxThreadingModeNonThreaded
Direct3D:
    Version:  Direct3D 11.0 [level 11.1]
    Renderer: NVIDIA GeForce RTX 3050 Laptop GPU (ID=0x25a2)
    Vendor:   NVIDIA
    VRAM:     3964 MB
    Driver:   32.0.15.5612
Initialize mono
Mono path[0] = 'D:/videojuegos/Unity 2023.2.18f1/Editor/Data/Managed'
Mono path[1] = 'D:/videojuegos/Unity 2023.2.18f1/Editor/Data/MonoBleedingEdge/lib/mono/unityjit-win32'
Mono config path = 'D:/videojuegos/Unity 2023.2.18f1/Editor/Data/MonoBleedingEdge/etc'
Using monoOptions --debugger-agent=transport=dt_socket,embedding=1,server=y,suspend=n,address=127.0.0.1:56524
Begin MonoManager ReloadAssembly
C:\build\output\Unity-Technologies\mono\mono\metadata\icall.c:1842:
C:\build\output\Unity-Technologies\mono\mono\metadata\icall.c:1842:
C:\build\output\Unity-Technologies\mono\mono\metadata\icall.c:1842:
C:\build\output\Unity-Technologies\mono\mono\metadata\icall.c:1842:
C:\build\output\Unity-Technologies\mono\mono\metadata\icall.c:1842:
C:\build\output\Unity-Technologies\mono\mono\metadata\icall.c:1842:
C:\build\output\Unity-Technologies\mono\mono\metadata\icall.c:1842:
C:\build\output\Unity-Technologies\mono\mono\metadata\icall.c:1842:
C:\build\output\Unity-Technologies\mono\mono\metadata\icall.c:1842:
C:\build\output\Unity-Technologies\mono\mono\metadata\icall.c:1842:
Registering precompiled unity dll's ...
Register platform support module: D:/videojuegos/Unity 2023.2.18f1/Editor/Data/PlaybackEngines/WindowsStandaloneSupport/UnityEditor.WindowsStandalone.Extensions.dll
Registered in 0.005318 seconds.
- Loaded All Assemblies, in  1.175 seconds
Native extension for WindowsStandalone target not found
Mono: successfully reloaded assembly
C:\build\output\Unity-Technologies\mono\mono\metadata\icall.c:1842:
C:\build\output\Unity-Technologies\mono\mono\metadata\icall.c:1842:
- Finished resetting the current domain, in  0.726 seconds
Domain Reload Profiling: 1901ms
	BeginReloadAssembly (532ms)
		ExecutionOrderSort (0ms)
		DisableScriptedObjects (0ms)
		BackupInstance (0ms)
		ReleaseScriptingObjects (0ms)
		CreateAndSetChildDomain (3ms)
	RebuildCommonClasses (105ms)
	RebuildNativeTypeToScriptingClass (23ms)
	initialDomainReloadingComplete (99ms)
	LoadAllAssembliesAndSetupDomain (416ms)
		LoadAssemblies (529ms)
		RebuildTransferFunctionScriptingTraits (0ms)
		AnalyzeDomain (408ms)
			TypeCache.Refresh (406ms)
				TypeCache.ScanAssembly (369ms)
			BuildScriptInfoCaches (0ms)
			ResolveRequiredComponents (1ms)
	FinalizeReload (727ms)
		ReleaseScriptCaches (0ms)
		RebuildScriptCaches (0ms)
		SetupLoadedEditorAssemblies (637ms)
			LogAssemblyErrors (0ms)
			InitializePlatformSupportModulesInManaged (21ms)
			SetLoadedEditorAssemblies (12ms)
			BeforeProcessingInitializeOnLoad (19ms)
			ProcessInitializeOnLoadAttributes (462ms)
			ProcessInitializeOnLoadMethodAttributes (123ms)
			AfterProcessingInitializeOnLoad (0ms)
			EditorAssembliesLoaded (0ms)
		ExecutionOrderSort2 (0ms)
		AwakeInstancesAfterBackupRestoration (0ms)
========================================================================
Worker process is ready to serve import requests
Import Worker Mode flag is 0x00
Begin MonoManager ReloadAssembly
C:\build\output\Unity-Technologies\mono\mono\metadata\icall.c:1842:
C:\build\output\Unity-Technologies\mono\mono\metadata\icall.c:1842:
C:\build\output\Unity-Technologies\mono\mono\metadata\icall.c:1842:
C:\build\output\Unity-Technologies\mono\mono\metadata\icall.c:1842:
C:\build\output\Unity-Technologies\mono\mono\metadata\icall.c:1842:
C:\build\output\Unity-Technologies\mono\mono\metadata\icall.c:1842:
C:\build\output\Unity-Technologies\mono\mono\metadata\icall.c:1842:
C:\build\output\Unity-Technologies\mono\mono\metadata\icall.c:1842:
C:\build\output\Unity-Technologies\mono\mono\metadata\icall.c:1842:
C:\build\output\Unity-Technologies\mono\mono\metadata\icall.c:1842:
C:\build\output\Unity-Technologies\mono\mono\metadata\icall.c:1842:
C:\build\output\Unity-Technologies\mono\mono\metadata\icall.c:1842:
Symbol file LoadedFromMemory doesn't match image D:\unity\ppe2\ppe2\Library\PackageCache\com.unity.visualscripting@1.8.0\Editor\VisualScripting.Core\Dependencies\YamlDotNet\Unity.VisualScripting.YamlDotNet.dll
Symbol file LoadedFromMemory doesn't match image D:\unity\ppe2\ppe2\Library\PackageCache\com.unity.visualscripting@1.8.0\Editor\VisualScripting.Core\Dependencies\DotNetZip\Unity.VisualScripting.IonicZip.dll
- Loaded All Assemblies, in  1.872 seconds
Refreshing native plugins compatible for Editor in 1.22 ms, found 3 plugins.
Native extension for WindowsStandalone target not found
Mono: successfully reloaded assembly
- Finished resetting the current domain, in  0.999 seconds
Domain Reload Profiling: 2869ms
	BeginReloadAssembly (922ms)
		ExecutionOrderSort (0ms)
		DisableScriptedObjects (12ms)
		BackupInstance (0ms)
		ReleaseScriptingObjects (0ms)
		CreateAndSetChildDomain (82ms)
	RebuildCommonClasses (93ms)
	RebuildNativeTypeToScriptingClass (29ms)
	initialDomainReloadingComplete (59ms)
	LoadAllAssembliesAndSetupDomain (767ms)
		LoadAssemblies (695ms)
		RebuildTransferFunctionScriptingTraits (0ms)
		AnalyzeDomain (341ms)
			TypeCache.Refresh (298ms)
				TypeCache.ScanAssembly (273ms)
			BuildScriptInfoCaches (32ms)
			ResolveRequiredComponents (6ms)
	FinalizeReload (999ms)
		ReleaseScriptCaches (0ms)
		RebuildScriptCaches (0ms)
		SetupLoadedEditorAssemblies (677ms)
			LogAssemblyErrors (0ms)
			InitializePlatformSupportModulesInManaged (5ms)
			SetLoadedEditorAssemblies (6ms)
			BeforeProcessingInitializeOnLoad (52ms)
			ProcessInitializeOnLoadAttributes (575ms)
			ProcessInitializeOnLoadMethodAttributes (37ms)
			AfterProcessingInitializeOnLoad (2ms)
			EditorAssembliesLoaded (0ms)
		ExecutionOrderSort2 (0ms)
		AwakeInstancesAfterBackupRestoration (13ms)
Launched and connected shader compiler UnityShaderCompiler.exe after 0.01 seconds
Refreshing native plugins compatible for Editor in 1.22 ms, found 3 plugins.
Preloading 0 native plugins for Editor in 0.00 ms.
Unloading 10 Unused Serialized files (Serialized files now loaded: 0)
Unloading 3240 unused Assets / (1.0 MB). Loaded Objects now: 3842.
Memory consumption went from 113.5 MB to 112.5 MB.
Total: 10.915400 ms (FindLiveObjects: 0.485600 ms CreateObjectMapping: 0.649700 ms MarkObjects: 7.386600 ms  DeleteObjects: 2.391600 ms)

========================================================================
Received Import Request.
  Time since last request: 350284.711308 seconds.
  path: Assets/Scripts/Weapon.cs
  artifactKey: Guid(722c9b092efd42249ab46d2abd742af4) Importer(2089858483,192608db42251d675da83286b1cce702)
Start importing Assets/Scripts/Weapon.cs using Guid(722c9b092efd42249ab46d2abd742af4) Importer(2089858483,192608db42251d675da83286b1cce702) (ScriptedImporter) -> (artifact id: '440dad1b9eaf2be2c1dacaa6cd8b597b') in 0.4561719 seconds
Number of updated asset objects reloaded before import = 0Number of asset objects unloaded after import = 0

========================================================================
Received Import Request.
  Time since last request: 0.000037 seconds.
  path: Assets/Extreme Sci-Fi LITE/Textures/Metal_B3.png
  artifactKey: Guid(64d8007043695b141a3b0822cb5faa83) Importer(2089858483,192608db42251d675da83286b1cce702)
Start importing Assets/Extreme Sci-Fi LITE/Textures/Metal_B3.png using Guid(64d8007043695b141a3b0822cb5faa83) Importer(2089858483,192608db42251d675da83286b1cce702) (ScriptedImporter) -> (artifact id: '8afac5589baa5fe45d9a5e866773c1c2') in 0.4576214 seconds
Number of updated asset objects reloaded before import = 0Number of asset objects unloaded after import = 1

========================================================================
Received Import Request.
  Time since last request: 0.000106 seconds.
  path: Assets/New Terrain.asset
  artifactKey: Guid(e745561fa7a76924087713e424db93d7) Importer(2089858483,192608db42251d675da83286b1cce702)
Start importing Assets/New Terrain.asset using Guid(e745561fa7a76924087713e424db93d7) Importer(2089858483,192608db42251d675da83286b1cce702) (ScriptedImporter) -> (artifact id: '06d6b5ba9e02d75681a56acb26dbefd4') in 0.0185842 seconds
Number of updated asset objects reloaded before import = 0Number of asset objects unloaded after import = 1

========================================================================
Received Import Request.
  Time since last request: 0.000091 seconds.
  path: Assets/Extreme Sci-Fi LITE/Textures/Grate_Floor_Bumped.png
  artifactKey: Guid(16b354cb58ea72f43ac9d9301f38eab2) Importer(2089858483,192608db42251d675da83286b1cce702)
Start importing Assets/Extreme Sci-Fi LITE/Textures/Grate_Floor_Bumped.png using Guid(16b354cb58ea72f43ac9d9301f38eab2) Importer(2089858483,192608db42251d675da83286b1cce702) (ScriptedImporter) -> (artifact id: '80b1f6a65e862273e3bde5a76ea386e2') in 1.0677501 seconds
Number of updated asset objects reloaded before import = 0Number of asset objects unloaded after import = 1

========================================================================
Received Import Request.
  Time since last request: 0.000085 seconds.
  path: Assets/Mimic/Prefabs/LegMesh.prefab
  artifactKey: Guid(0819c97ab1c2c1a4e89838ee98d0a8e4) Importer(2089858483,192608db42251d675da83286b1cce702)
Start importing Assets/Mimic/Prefabs/LegMesh.prefab using Guid(0819c97ab1c2c1a4e89838ee98d0a8e4) Importer(2089858483,192608db42251d675da83286b1cce702) (ScriptedImporter) -> (artifact id: '971a94c0881a36da8f8efda1569afec8') in 0.0642158 seconds
Number of updated asset objects reloaded before import = 0Number of asset objects unloaded after import = 9

========================================================================
Received Import Request.
  Time since last request: 0.000091 seconds.
  path: Assets/Mimic/Scripts/CylinderMesh.cs
  artifactKey: Guid(3a0b056a0a33b914eabd0f92b5b52a72) Importer(2089858483,192608db42251d675da83286b1cce702)
Start importing Assets/Mimic/Scripts/CylinderMesh.cs using Guid(3a0b056a0a33b914eabd0f92b5b52a72) Importer(2089858483,192608db42251d675da83286b1cce702) (ScriptedImporter) -> (artifact id: '8633e83c1f101058839ec4cc95c8d1ea') in 0.0040849 seconds
Number of updated asset objects reloaded before import = 0Number of asset objects unloaded after import = 0

========================================================================
Received Import Request.
  Time since last request: 0.000129 seconds.
  path: Assets/Mimic/Scripts/Movement.cs
  artifactKey: Guid(a0ba22986a1af554791e80503075c599) Importer(2089858483,192608db42251d675da83286b1cce702)
Start importing Assets/Mimic/Scripts/Movement.cs using Guid(a0ba22986a1af554791e80503075c599) Importer(2089858483,192608db42251d675da83286b1cce702) (ScriptedImporter) -> (artifact id: '7d5deebc77fa8e6b7669b3b1f78c11ad') in 0.0054746 seconds
Number of updated asset objects reloaded before import = 0Number of asset objects unloaded after import = 0

========================================================================
Received Import Request.
  Time since last request: 0.000144 seconds.
  path: Assets/AliensAndMarines/Artists Assets/Alien_HQ/Alien_HQ.fbx
  artifactKey: Guid(d6b934bc03eaa3f4385d45d723e180b5) Importer(2089858483,192608db42251d675da83286b1cce702)
Start importing Assets/AliensAndMarines/Artists Assets/Alien_HQ/Alien_HQ.fbx using Guid(d6b934bc03eaa3f4385d45d723e180b5) Importer(2089858483,192608db42251d675da83286b1cce702) (ScriptedImporter) -> (artifact id: '79289f1bb59997f03b3b29fa72c8fbe6') in 0.1010938 seconds
Number of updated asset objects reloaded before import = 0Number of asset objects unloaded after import = 26

========================================================================
Received Import Request.
  Time since last request: 0.000027 seconds.
  path: Assets/Mimic/DemoScene/DemoScene.unity
  artifactKey: Guid(cc25d616e2c4afc4caa17eecab9b7f2d) Importer(2089858483,192608db42251d675da83286b1cce702)
Start importing Assets/Mimic/DemoScene/DemoScene.unity using Guid(cc25d616e2c4afc4caa17eecab9b7f2d) Importer(2089858483,192608db42251d675da83286b1cce702) (ScriptedImporter) -> (artifact id: 'f07cbb13ccc8fe43068c231558d0a40f') in 0.006059 seconds
Number of updated asset objects reloaded before import = 0Number of asset objects unloaded after import = 1

========================================================================
Received Import Request.
  Time since last request: 0.000085 seconds.
  path: Assets/Extreme Sci-Fi LITE/Textures/Glass_1.png
  artifactKey: Guid(c98a40a0180e4094eae5b9ecebcdba2a) Importer(2089858483,192608db42251d675da83286b1cce702)
Start importing Assets/Extreme Sci-Fi LITE/Textures/Glass_1.png using Guid(c98a40a0180e4094eae5b9ecebcdba2a) Importer(2089858483,192608db42251d675da83286b1cce702) (ScriptedImporter) -> (artifact id: '2d1ae8fcb0846ee628f2b955221c1519') in 0.0874816 seconds
Number of updated asset objects reloaded before import = 0Number of asset objects unloaded after import = 1

========================================================================
Received Import Request.
  Time since last request: 0.000187 seconds.
  path: Assets/Scripts/CameraFollow.cs
  artifactKey: Guid(945453560f1df3147a329f6a84a61e33) Importer(2089858483,192608db42251d675da83286b1cce702)
Start importing Assets/Scripts/CameraFollow.cs using Guid(945453560f1df3147a329f6a84a61e33) Importer(2089858483,192608db42251d675da83286b1cce702) (ScriptedImporter) -> (artifact id: 'cccc0f4e376f2e90edd6962479fadbdb') in 0.0052826 seconds
Number of updated asset objects reloaded before import = 0Number of asset objects unloaded after import = 0

========================================================================
Received Import Request.
  Time since last request: 0.000172 seconds.
  path: Assets/Scripts/PlayerController.cs
  artifactKey: Guid(8c036c7df94d9b44db5a4496e29a2a32) Importer(2089858483,192608db42251d675da83286b1cce702)
Start importing Assets/Scripts/PlayerController.cs using Guid(8c036c7df94d9b44db5a4496e29a2a32) Importer(2089858483,192608db42251d675da83286b1cce702) (ScriptedImporter) -> (artifact id: '4b311750f746630884c7c21b73f86931') in 0.0061708 seconds
Number of updated asset objects reloaded before import = 0Number of asset objects unloaded after import = 0

========================================================================
Received Import Request.
  Time since last request: 0.000410 seconds.
  path: Assets/AliensAndMarines/Prefabs/PipeEnd.prefab
  artifactKey: Guid(5e77787858630ca47902af690ed53e97) Importer(2089858483,192608db42251d675da83286b1cce702)
Start importing Assets/AliensAndMarines/Prefabs/PipeEnd.prefab using Guid(5e77787858630ca47902af690ed53e97) Importer(2089858483,192608db42251d675da83286b1cce702) (ScriptedImporter) -> (artifact id: '7fb9c908cbfb996f5edd2d4b3c08a2c3') in 0.0143657 seconds
Number of updated asset objects reloaded before import = 0Number of asset objects unloaded after import = 11

========================================================================
Received Import Request.
  Time since last request: 0.000051 seconds.
  path: Assets/Free Sci-Fi Music Collection/Phat Phrog Studio - Dropship Assault - Uprising Protocol.wav
  artifactKey: Guid(e4c0e35960639794b97e0a058d76b8e2) Importer(2089858483,192608db42251d675da83286b1cce702)
Start importing Assets/Free Sci-Fi Music Collection/Phat Phrog Studio - Dropship Assault - Uprising Protocol.wav using Guid(e4c0e35960639794b97e0a058d76b8e2) Importer(2089858483,192608db42251d675da83286b1cce702) (ScriptedImporter) -> (artifact id: '1bbf67fba89fbcd05986f8ac2c7c55c2') in 0.0616785 seconds
Number of updated asset objects reloaded before import = 0Number of asset objects unloaded after import = 1

========================================================================
Received Import Request.
  Time since last request: 0.000133 seconds.
  path: Assets/Free Sci-Fi Music Collection/Phat Phrog Studio - Dropship Assault - Uprising Protocol - LOOP.wav
  artifactKey: Guid(8b15ea86f8386a24f93e7ff86e71b4cd) Importer(2089858483,192608db42251d675da83286b1cce702)
Start importing Assets/Free Sci-Fi Music Collection/Phat Phrog Studio - Dropship Assault - Uprising Protocol - LOOP.wav using Guid(8b15ea86f8386a24f93e7ff86e71b4cd) Importer(2089858483,192608db42251d675da83286b1cce702) (ScriptedImporter) -> (artifact id: 'd12af779b62660ad15b8f000f279a00f') in 0.0653338 seconds
Number of updated asset objects reloaded before import = 0Number of asset objects unloaded after import = 1

========================================================================
Received Import Request.
  Time since last request: 0.000114 seconds.
  path: Assets/Extreme Sci-Fi LITE/Prefabs/Corridors, and Doors/Corridor_1D.prefab
  artifactKey: Guid(def79446480c2df4a86f31e6aaebb356) Importer(2089858483,192608db42251d675da83286b1cce702)
Start importing Assets/Extreme Sci-Fi LITE/Prefabs/Corridors, and Doors/Corridor_1D.prefab using Guid(def79446480c2df4a86f31e6aaebb356) Importer(2089858483,192608db42251d675da83286b1cce702) (ScriptedImporter) -> (artifact id: '9d8f393b00c6fe25b2b0fcc955ce4282') in 0.0221353 seconds
Number of updated asset objects reloaded before import = 0Number of asset objects unloaded after import = 8

========================================================================
Received Import Request.
  Time since last request: 0.000030 seconds.
  path: Assets/Extreme Sci-Fi LITE/Prefabs/Corridors, and Doors/Corridor_1E.prefab
  artifactKey: Guid(7f58467725f3f964dba78b5187146a62) Importer(2089858483,192608db42251d675da83286b1cce702)
Start importing Assets/Extreme Sci-Fi LITE/Prefabs/Corridors, and Doors/Corridor_1E.prefab using Guid(7f58467725f3f964dba78b5187146a62) Importer(2089858483,192608db42251d675da83286b1cce702) (ScriptedImporter) -> (artifact id: '7ac48cc28c8939497889a30986c06182') in 0.2654016 seconds
Number of updated asset objects reloaded before import = 0Number of asset objects unloaded after import = 8

========================================================================
Received Import Request.
  Time since last request: 0.000027 seconds.
  path: Assets/Extreme Sci-Fi LITE/Prefabs/Corridors, and Doors/Corridor_2A(Wide)_Large.prefab
  artifactKey: Guid(01fe0fdf05640c945a5b4cbd667613b7) Importer(2089858483,192608db42251d675da83286b1cce702)
Start importing Assets/Extreme Sci-Fi LITE/Prefabs/Corridors, and Doors/Corridor_2A(Wide)_Large.prefab using Guid(01fe0fdf05640c945a5b4cbd667613b7) Importer(2089858483,192608db42251d675da83286b1cce702) (ScriptedImporter) -> (artifact id: '81b39244cbeae4cd276bf50acfeb5fd2') in 0.4760588 seconds
Number of updated asset objects reloaded before import = 0Number of asset objects unloaded after import = 8

========================================================================
Received Import Request.
  Time since last request: 0.000047 seconds.
  path: Assets/Extreme Sci-Fi LITE/Prefabs/Corridors, and Doors/Corridor_2A(Wide).prefab
  artifactKey: Guid(0f1c409fdd311ce4ca7bfe14949b4389) Importer(2089858483,192608db42251d675da83286b1cce702)
Start importing Assets/Extreme Sci-Fi LITE/Prefabs/Corridors, and Doors/Corridor_2A(Wide).prefab using Guid(0f1c409fdd311ce4ca7bfe14949b4389) Importer(2089858483,192608db42251d675da83286b1cce702) (ScriptedImporter) -> (artifact id: '16a207663616465a30f594b06e63e9da') in 0.1511244 seconds
Number of updated asset objects reloaded before import = 0Number of asset objects unloaded after import = 8

========================================================================
Received Import Request.
  Time since last request: 0.000049 seconds.
  path: Assets/Extreme Sci-Fi LITE/FBX/Materials/Glass_1.mat
  artifactKey: Guid(65aafaada58948e4b904d13053edd5a2) Importer(2089858483,192608db42251d675da83286b1cce702)
Start importing Assets/Extreme Sci-Fi LITE/FBX/Materials/Glass_1.mat using Guid(65aafaada58948e4b904d13053edd5a2) Importer(2089858483,192608db42251d675da83286b1cce702) (ScriptedImporter) -> (artifact id: '62c4d2433f0690426e4b1821ac32f1a2') in 0.0251095 seconds
Number of updated asset objects reloaded before import = 0Number of asset objects unloaded after import = 2

========================================================================
Received Import Request.
  Time since last request: 0.000037 seconds.
  path: Assets/Extreme Sci-Fi LITE/Prefabs/Corridors, and Doors/Corridor_2C.prefab
  artifactKey: Guid(1f84ff43bff8bc449892a79fb728fdf2) Importer(2089858483,192608db42251d675da83286b1cce702)
Start importing Assets/Extreme Sci-Fi LITE/Prefabs/Corridors, and Doors/Corridor_2C.prefab using Guid(1f84ff43bff8bc449892a79fb728fdf2) Importer(2089858483,192608db42251d675da83286b1cce702) (ScriptedImporter) -> (artifact id: '6ff6068e2b28e4a28f3e9c4633e2cdf2') in 0.2374971 seconds
Number of updated asset objects reloaded before import = 0Number of asset objects unloaded after import = 8

========================================================================
Received Import Request.
  Time since last request: 0.000035 seconds.
  path: Assets/Extreme Sci-Fi LITE/Prefabs/Corridors, and Doors/Corridor_Doors_Closed.prefab
  artifactKey: Guid(4e951ba73b8de694dac9be6477191d9e) Importer(2089858483,192608db42251d675da83286b1cce702)
Start importing Assets/Extreme Sci-Fi LITE/Prefabs/Corridors, and Doors/Corridor_Doors_Closed.prefab using Guid(4e951ba73b8de694dac9be6477191d9e) Importer(2089858483,192608db42251d675da83286b1cce702) (ScriptedImporter) -> (artifact id: 'fded635cbd5a93b953a211b839efd86a') in 0.2206357 seconds
Number of updated asset objects reloaded before import = 0Number of asset objects unloaded after import = 8

========================================================================
Received Import Request.
  Time since last request: 0.000071 seconds.
  path: Assets/Extreme Sci-Fi LITE/Prefabs/Lights/Ceiling_Light_1F.prefab
  artifactKey: Guid(414fdd6f3c287454590fec3dcc49392e) Importer(2089858483,192608db42251d675da83286b1cce702)
Start importing Assets/Extreme Sci-Fi LITE/Prefabs/Lights/Ceiling_Light_1F.prefab using Guid(414fdd6f3c287454590fec3dcc49392e) Importer(2089858483,192608db42251d675da83286b1cce702) (ScriptedImporter) -> (artifact id: '11d82a71d55c76a1ed9e8289d32fa1a7') in 0.2300119 seconds
Number of updated asset objects reloaded before import = 0Number of asset objects unloaded after import = 8

========================================================================
Received Import Request.
  Time since last request: 0.000028 seconds.
  path: Assets/Scenes/LVL1.unity
  artifactKey: Guid(3515db73248026b4e98bc0520515cf05) Importer(2089858483,192608db42251d675da83286b1cce702)
Start importing Assets/Scenes/LVL1.unity using Guid(3515db73248026b4e98bc0520515cf05) Importer(2089858483,192608db42251d675da83286b1cce702) (ScriptedImporter) -> (artifact id: '7dd4e5bbeeb9e972d1b886b805b2391e') in 0.0061405 seconds
Number of updated asset objects reloaded before import = 0Number of asset objects unloaded after import = 1

========================================================================
Received Import Request.
  Time since last request: 0.000154 seconds.
  path: Assets/Extreme Sci-Fi LITE/Prefabs/Corridors, and Doors/Corridor_Doors_Double.prefab
  artifactKey: Guid(a39a131ab75ded344bfa7e4805dbd6ec) Importer(2089858483,192608db42251d675da83286b1cce702)
Start importing Assets/Extreme Sci-Fi LITE/Prefabs/Corridors, and Doors/Corridor_Doors_Double.prefab using Guid(a39a131ab75ded344bfa7e4805dbd6ec) Importer(2089858483,192608db42251d675da83286b1cce702) (ScriptedImporter) -> (artifact id: '56596a9f586f7844251001a6f8588b7d') in 0.0441957 seconds
Number of updated asset objects reloaded before import = 0Number of asset objects unloaded after import = 16

========================================================================
Received Import Request.
  Time since last request: 0.000018 seconds.
  path: Assets/Extreme Sci-Fi LITE/FBX/Materials/Pipes_Rusty_1.mat
  artifactKey: Guid(ea8260536b006294e8a1f2cfe0a2ac15) Importer(2089858483,192608db42251d675da83286b1cce702)
Start importing Assets/Extreme Sci-Fi LITE/FBX/Materials/Pipes_Rusty_1.mat using Guid(ea8260536b006294e8a1f2cfe0a2ac15) Importer(2089858483,192608db42251d675da83286b1cce702) (ScriptedImporter) -> (artifact id: 'b2ba6e88ecc1e2f353f7d91117a01750') in 0.5625283 seconds
Number of updated asset objects reloaded before import = 0Number of asset objects unloaded after import = 3

========================================================================
Received Import Request.
  Time since last request: 0.000039 seconds.
  path: Assets/Mimic/Materials/Shaders/Simplex noise 3D.shadersubgraph
  artifactKey: Guid(f9d29e0be1502f5468fa77b2790c5d23) Importer(2089858483,192608db42251d675da83286b1cce702)
Start importing Assets/Mimic/Materials/Shaders/Simplex noise 3D.shadersubgraph using Guid(f9d29e0be1502f5468fa77b2790c5d23) Importer(2089858483,192608db42251d675da83286b1cce702) (ScriptedImporter) -> (artifact id: '60631b81ce878ac3bdbc56b1dcce7678') in 0.0047373 seconds
Number of updated asset objects reloaded before import = 0Number of asset objects unloaded after import = 1

========================================================================
Received Import Request.
  Time since last request: 0.000168 seconds.
  path: Assets/Go Systems/GoCharacterController/script/Sphere.cs
  artifactKey: Guid(bcd74005571e5a1428d5428616e5533e) Importer(2089858483,192608db42251d675da83286b1cce702)
Start importing Assets/Go Systems/GoCharacterController/script/Sphere.cs using Guid(bcd74005571e5a1428d5428616e5533e) Importer(2089858483,192608db42251d675da83286b1cce702) (ScriptedImporter) -> (artifact id: 'dd2873dc9cc6fd897da3b451e3fdc53e') in 0.0039786 seconds
Number of updated asset objects reloaded before import = 0Number of asset objects unloaded after import = 0

========================================================================
Received Import Request.
  Time since last request: 0.000142 seconds.
  path: Assets/Go Systems/GoCharacterController/script/GoAnimationEditor.cs
  artifactKey: Guid(6b12278949cee764b9ac6b303279d3aa) Importer(2089858483,192608db42251d675da83286b1cce702)
Start importing Assets/Go Systems/GoCharacterController/script/GoAnimationEditor.cs using Guid(6b12278949cee764b9ac6b303279d3aa) Importer(2089858483,192608db42251d675da83286b1cce702) (ScriptedImporter) -> (artifact id: 'ee61e2744601d8cf59009b1587d424c3') in 0.0059289 seconds
Number of updated asset objects reloaded before import = 0Number of asset objects unloaded after import = 0

========================================================================
Received Import Request.
  Time since last request: 0.000133 seconds.
  path: Assets/Extreme Sci-Fi LITE/Textures/Pipes_Rusty_1(Bumped).png
  artifactKey: Guid(15953fb04cc348849ac5e02415408f19) Importer(2089858483,192608db42251d675da83286b1cce702)
Start importing Assets/Extreme Sci-Fi LITE/Textures/Pipes_Rusty_1(Bumped).png using Guid(15953fb04cc348849ac5e02415408f19) Importer(2089858483,192608db42251d675da83286b1cce702) (ScriptedImporter) -> (artifact id: '8211505310e55e82fadb602d7b3184e8') in 0.0151913 seconds
Number of updated asset objects reloaded before import = 0Number of asset objects unloaded after import = 1

========================================================================
Received Import Request.
  Time since last request: 0.000081 seconds.
  path: Assets/AliensAndMarines/Example.unity
  artifactKey: Guid(02d4357f6d8256f4b8a37426b16f5a32) Importer(2089858483,192608db42251d675da83286b1cce702)
Start importing Assets/AliensAndMarines/Example.unity using Guid(02d4357f6d8256f4b8a37426b16f5a32) Importer(2089858483,192608db42251d675da83286b1cce702) (ScriptedImporter) -> (artifact id: 'd57845a75a2b68a06b9cb00d360e52b2') in 0.0057762 seconds
Number of updated asset objects reloaded before import = 0Number of asset objects unloaded after import = 1

========================================================================
Received Import Request.
  Time since last request: 0.000083 seconds.
  path: Assets/Fond/under-authority/Read_Me.txt
  artifactKey: Guid(f9648bf615303f94a8590107a75c56fc) Importer(2089858483,192608db42251d675da83286b1cce702)
Start importing Assets/Fond/under-authority/Read_Me.txt using Guid(f9648bf615303f94a8590107a75c56fc) Importer(2089858483,192608db42251d675da83286b1cce702) (ScriptedImporter) -> (artifact id: '9a75a80f4b8075cdca6361fc8c019c37') in 0.0766047 seconds
Number of updated asset objects reloaded before import = 0Number of asset objects unloaded after import = 1

========================================================================
Received Import Request.
  Time since last request: 0.000134 seconds.
  path: Assets/AliensAndMarines/Artists Assets/Alien/Alien_LOD.fbx
  artifactKey: Guid(a39d5c20a054b6b4b98fc4b3efc11358) Importer(2089858483,192608db42251d675da83286b1cce702)
Start importing Assets/AliensAndMarines/Artists Assets/Alien/Alien_LOD.fbx using Guid(a39d5c20a054b6b4b98fc4b3efc11358) Importer(2089858483,192608db42251d675da83286b1cce702) (ScriptedImporter) -> (artifact id: 'af5d0e2732d4bc74794e3bdcf092b16d') in 1.283283 seconds
Number of updated asset objects reloaded before import = 0Number of asset objects unloaded after import = 118

========================================================================
Received Import Request.
  Time since last request: 0.000035 seconds.
  path: Assets/Mimic/Materials/Textures/Mimic Normal.png
  artifactKey: Guid(b8701fe0377af3c4ea0f510e588a6605) Importer(2089858483,192608db42251d675da83286b1cce702)
Start importing Assets/Mimic/Materials/Textures/Mimic Normal.png using Guid(b8701fe0377af3c4ea0f510e588a6605) Importer(2089858483,192608db42251d675da83286b1cce702) (ScriptedImporter) -> (artifact id: '08378eca548711f183e64d6f7f061a41') in 1.8933359 seconds
Number of updated asset objects reloaded before import = 0Number of asset objects unloaded after import = 1

========================================================================
Received Import Request.
  Time since last request: 0.000105 seconds.
  path: Assets/Go Systems/GoCharacterController/DemoScenes/Demo/Lightmap-12_comp_shadowmask.png
  artifactKey: Guid(b5e0029f5f28cbb45bc394502e53726c) Importer(2089858483,192608db42251d675da83286b1cce702)
Start importing Assets/Go Systems/GoCharacterController/DemoScenes/Demo/Lightmap-12_comp_shadowmask.png using Guid(b5e0029f5f28cbb45bc394502e53726c) Importer(2089858483,192608db42251d675da83286b1cce702) (ScriptedImporter) -> (artifact id: '3c72e49daab1de9cb2d8b5d18a1a15e9') in 0.8673597 seconds
Number of updated asset objects reloaded before import = 0Number of asset objects unloaded after import = 1

========================================================================
Received Import Request.
  Time since last request: 0.000086 seconds.
  path: Assets/AliensAndMarines/Artists Assets/Mamalien/Materials/Mamalien_EM.png
  artifactKey: Guid(3942e155fe420ed41abf40f76bdcba6b) Importer(2089858483,192608db42251d675da83286b1cce702)
Start importing Assets/AliensAndMarines/Artists Assets/Mamalien/Materials/Mamalien_EM.png using Guid(3942e155fe420ed41abf40f76bdcba6b) Importer(2089858483,192608db42251d675da83286b1cce702) (ScriptedImporter) -> (artifact id: '1559c5c6d8144cd8982a6f29077ea306') in 0.4997936 seconds
Number of updated asset objects reloaded before import = 0Number of asset objects unloaded after import = 1

========================================================================
Received Import Request.
  Time since last request: 0.000118 seconds.
  path: Assets/AliensAndMarines/Artists Assets/Alien_HQ/Materials/Tree_Cocoon.mat
  artifactKey: Guid(e1e5bd4428f58c64a9d85d5a380907b0) Importer(2089858483,192608db42251d675da83286b1cce702)
Start importing Assets/AliensAndMarines/Artists Assets/Alien_HQ/Materials/Tree_Cocoon.mat using Guid(e1e5bd4428f58c64a9d85d5a380907b0) Importer(2089858483,192608db42251d675da83286b1cce702) (ScriptedImporter) -> (artifact id: 'c9e377f9c972e158b149411efc381d1c') in 0.0093999 seconds
Number of updated asset objects reloaded before import = 0Number of asset objects unloaded after import = 2

========================================================================
Received Import Request.
  Time since last request: 0.000022 seconds.
  path: Assets/AliensAndMarines/Artists Assets/Mamalien/Materials/Mamalien_NM.png
  artifactKey: Guid(63d59ad7bcc782e4fa4abf43cffd263b) Importer(2089858483,192608db42251d675da83286b1cce702)
Start importing Assets/AliensAndMarines/Artists Assets/Mamalien/Materials/Mamalien_NM.png using Guid(63d59ad7bcc782e4fa4abf43cffd263b) Importer(2089858483,192608db42251d675da83286b1cce702) (ScriptedImporter) -> (artifact id: '6d0b5b9fa0e76fee135d1923fa30b2eb') in 0.3533246 seconds
Number of updated asset objects reloaded before import = 0Number of asset objects unloaded after import = 1

========================================================================
Received Import Request.
  Time since last request: 0.000085 seconds.
  path: Assets/AliensAndMarines/Artists Assets/Alien_HQ/Materials/Tree_NM.png
  artifactKey: Guid(6e2dcf80524f8df4ba1f911efcd06f86) Importer(2089858483,192608db42251d675da83286b1cce702)
Start importing Assets/AliensAndMarines/Artists Assets/Alien_HQ/Materials/Tree_NM.png using Guid(6e2dcf80524f8df4ba1f911efcd06f86) Importer(2089858483,192608db42251d675da83286b1cce702) (ScriptedImporter) -> (artifact id: '8fd2cc68bd3019d7a86dfe2a5fbe834e') in 0.0151069 seconds
Number of updated asset objects reloaded before import = 0Number of asset objects unloaded after import = 1

========================================================================
Received Import Request.
  Time since last request: 0.000128 seconds.
  path: Assets/Mimic/Materials/Shaders/SimplexNoise3D.hlsl
  artifactKey: Guid(7453c9e397ed9c3468d5b470876e2459) Importer(2089858483,192608db42251d675da83286b1cce702)
Start importing Assets/Mimic/Materials/Shaders/SimplexNoise3D.hlsl using Guid(7453c9e397ed9c3468d5b470876e2459) Importer(2089858483,192608db42251d675da83286b1cce702) (ScriptedImporter) -> (artifact id: '0c1496ed0ea35cbd98f69a650c75b7fd') in 0.052545 seconds
Number of updated asset objects reloaded before import = 0Number of asset objects unloaded after import = 1

========================================================================
Received Import Request.
  Time since last request: 0.000297 seconds.
  path: Assets/Go Systems/GoCharacterController/DemoScenes/Demo/Lightmap-13_comp_dir.png
  artifactKey: Guid(c68be72e507db2640a710c91949ed41a) Importer(2089858483,192608db42251d675da83286b1cce702)
Start importing Assets/Go Systems/GoCharacterController/DemoScenes/Demo/Lightmap-13_comp_dir.png using Guid(c68be72e507db2640a710c91949ed41a) Importer(2089858483,192608db42251d675da83286b1cce702) (ScriptedImporter) -> (artifact id: '7394f9797d3b760bbbc3d0687af80b6d') in 0.7967259 seconds
Number of updated asset objects reloaded before import = 0Number of asset objects unloaded after import = 1

========================================================================
Received Import Request.
  Time since last request: 0.000130 seconds.
  path: Assets/Go Systems/GoCharacterController/DemoScenes/Demo/Lightmap-1_comp_shadowmask.png
  artifactKey: Guid(a11c11bcb10945848914f495d81a8942) Importer(2089858483,192608db42251d675da83286b1cce702)
Start importing Assets/Go Systems/GoCharacterController/DemoScenes/Demo/Lightmap-1_comp_shadowmask.png using Guid(a11c11bcb10945848914f495d81a8942) Importer(2089858483,192608db42251d675da83286b1cce702) (ScriptedImporter) -> (artifact id: '61bf33b5ade44f69c22d210814500f48') in 0.6107733 seconds
Number of updated asset objects reloaded before import = 0Number of asset objects unloaded after import = 1

========================================================================
Received Import Request.
  Time since last request: 0.000155 seconds.
  path: Assets/Go Systems/GoCharacterController/DemoScenes/Demo/Lightmap-10_comp_dir.png
  artifactKey: Guid(905e41636ea42364ab06174c19e9bf31) Importer(2089858483,192608db42251d675da83286b1cce702)
Start importing Assets/Go Systems/GoCharacterController/DemoScenes/Demo/Lightmap-10_comp_dir.png using Guid(905e41636ea42364ab06174c19e9bf31) Importer(2089858483,192608db42251d675da83286b1cce702) (ScriptedImporter) -> (artifact id: '3b6301bec60c44f60425dfc084c3adb8') in 0.2718673 seconds
Number of updated asset objects reloaded before import = 0Number of asset objects unloaded after import = 1

========================================================================
Received Import Request.
  Time since last request: 0.000092 seconds.
  path: Assets/AliensAndMarines/Artists Assets/GatlingTower/Materials/Tower_D.tga
  artifactKey: Guid(4fd39494cfa973048ad06670495d2d7e) Importer(2089858483,192608db42251d675da83286b1cce702)
Start importing Assets/AliensAndMarines/Artists Assets/GatlingTower/Materials/Tower_D.tga using Guid(4fd39494cfa973048ad06670495d2d7e) Importer(2089858483,192608db42251d675da83286b1cce702) (ScriptedImporter) -> (artifact id: 'bfc263c286c7567159066848aa01f6c2') in 0.0109822 seconds
Number of updated asset objects reloaded before import = 0Number of asset objects unloaded after import = 1

========================================================================
Received Import Request.
  Time since last request: 0.000078 seconds.
  path: Assets/Go Systems/GoCharacterController/DemoScenes/Demo/Lightmap-23_comp_light.exr
  artifactKey: Guid(d78fabd075794714b8df1edd3da059a8) Importer(2089858483,192608db42251d675da83286b1cce702)
Start importing Assets/Go Systems/GoCharacterController/DemoScenes/Demo/Lightmap-23_comp_light.exr using Guid(d78fabd075794714b8df1edd3da059a8) Importer(2089858483,192608db42251d675da83286b1cce702) (ScriptedImporter) -> (artifact id: '89d7ea7b730d56d1955a778eb794facc') in 0.3164966 seconds
Number of updated asset objects reloaded before import = 0Number of asset objects unloaded after import = 1

========================================================================
Received Import Request.
  Time since last request: 0.000229 seconds.
  path: Assets/Go Systems/GoCharacterController/DemoScenes/Demo/Lightmap-24_comp_shadowmask.png
  artifactKey: Guid(a6ad7aaf69d42cc41a0a7fe2a34bf7fb) Importer(2089858483,192608db42251d675da83286b1cce702)
Start importing Assets/Go Systems/GoCharacterController/DemoScenes/Demo/Lightmap-24_comp_shadowmask.png using Guid(a6ad7aaf69d42cc41a0a7fe2a34bf7fb) Importer(2089858483,192608db42251d675da83286b1cce702) (ScriptedImporter) -> (artifact id: 'b4b57bc03c6c091d2c8e1a0f7fa2a52e') in 0.7582815 seconds
Number of updated asset objects reloaded before import = 0Number of asset objects unloaded after import = 1

========================================================================
Received Import Request.
  Time since last request: 0.000170 seconds.
  path: Assets/Go Systems/GoCharacterController/DemoScenes/Demo/Lightmap-29_comp_dir.png
  artifactKey: Guid(eec26b7d72e863b4ba9ea9677aad7464) Importer(2089858483,192608db42251d675da83286b1cce702)
Start importing Assets/Go Systems/GoCharacterController/DemoScenes/Demo/Lightmap-29_comp_dir.png using Guid(eec26b7d72e863b4ba9ea9677aad7464) Importer(2089858483,192608db42251d675da83286b1cce702) (ScriptedImporter) -> (artifact id: '5bc30b944e5d3873fff815936b6fe1ca') in 0.1546624 seconds
Number of updated asset objects reloaded before import = 0Number of asset objects unloaded after import = 1

========================================================================
Received Import Request.
  Time since last request: 0.000180 seconds.
  path: Assets/Go Systems/GoCharacterController/DemoScenes/Demo/Lightmap-26_comp_light.exr
  artifactKey: Guid(04ef0612692b6c446be36ff18235c0a7) Importer(2089858483,192608db42251d675da83286b1cce702)
Start importing Assets/Go Systems/GoCharacterController/DemoScenes/Demo/Lightmap-26_comp_light.exr using Guid(04ef0612692b6c446be36ff18235c0a7) Importer(2089858483,192608db42251d675da83286b1cce702) (ScriptedImporter) -> (artifact id: '807490a3e5aa875e491e4cac90274d2e') in 0.2026658 seconds
Number of updated asset objects reloaded before import = 0Number of asset objects unloaded after import = 1

========================================================================
Received Import Request.
  Time since last request: 0.000105 seconds.
  path: Assets/Go Systems/GoCharacterController/DemoScenes/Demo/Lightmap-2_comp_light.exr
  artifactKey: Guid(db28b54aebb23ee48921b68acdd2be8d) Importer(2089858483,192608db42251d675da83286b1cce702)
Start importing Assets/Go Systems/GoCharacterController/DemoScenes/Demo/Lightmap-2_comp_light.exr using Guid(db28b54aebb23ee48921b68acdd2be8d) Importer(2089858483,192608db42251d675da83286b1cce702) (ScriptedImporter) -> (artifact id: '11eb426491126a5e915c099e0a67dba3') in 0.4544113 seconds
Number of updated asset objects reloaded before import = 0Number of asset objects unloaded after import = 1

========================================================================
Received Import Request.
  Time since last request: 0.000158 seconds.
  path: Assets/Go Systems/GoCharacterController/DemoScenes/Demo/Lightmap-30_comp_dir.png
  artifactKey: Guid(3bd42f518ac718d479ce2944f3d89c5b) Importer(2089858483,192608db42251d675da83286b1cce702)
Start importing Assets/Go Systems/GoCharacterController/DemoScenes/Demo/Lightmap-30_comp_dir.png using Guid(3bd42f518ac718d479ce2944f3d89c5b) Importer(2089858483,192608db42251d675da83286b1cce702) (ScriptedImporter) -> (artifact id: 'e8414ac286470f67ecb4a1b95f6fe71a') in 0.4150573 seconds
Number of updated asset objects reloaded before import = 0Number of asset objects unloaded after import = 1

========================================================================
Received Import Request.
  Time since last request: 0.000232 seconds.
  path: Assets/Go Systems/GoCharacterController/script/ragdolleditor.cs
  artifactKey: Guid(aecfb1bf4b0a3d34ca494f473bc82266) Importer(2089858483,192608db42251d675da83286b1cce702)
Start importing Assets/Go Systems/GoCharacterController/script/ragdolleditor.cs using Guid(aecfb1bf4b0a3d34ca494f473bc82266) Importer(2089858483,192608db42251d675da83286b1cce702) (ScriptedImporter) -> (artifact id: '41e1fdb6b625b6bce19712f177334308') in 0.0043486 seconds
Number of updated asset objects reloaded before import = 0Number of asset objects unloaded after import = 0

========================================================================
Received Import Request.
  Time since last request: 0.000162 seconds.
  path: Assets/Go Systems/GoCharacterController/DemoScenes/Demo/Lightmap-30_comp_light.exr
  artifactKey: Guid(4bb630cb45956f64fae14add3f976075) Importer(2089858483,192608db42251d675da83286b1cce702)
Start importing Assets/Go Systems/GoCharacterController/DemoScenes/Demo/Lightmap-30_comp_light.exr using Guid(4bb630cb45956f64fae14add3f976075) Importer(2089858483,192608db42251d675da83286b1cce702) (ScriptedImporter) -> (artifact id: '95093b8f8f0d61e5b0d198d2a6fa35cf') in 0.0649315 seconds
Number of updated asset objects reloaded before import = 0Number of asset objects unloaded after import = 1

========================================================================
Received Import Request.
  Time since last request: 0.000258 seconds.
  path: Assets/Go Systems/GoCharacterController/DemoScenes/Demo/Lightmap-14_comp_dir.png
  artifactKey: Guid(a5ba4860b39d456488fef0f0e943562d) Importer(2089858483,192608db42251d675da83286b1cce702)
Start importing Assets/Go Systems/GoCharacterController/DemoScenes/Demo/Lightmap-14_comp_dir.png using Guid(a5ba4860b39d456488fef0f0e943562d) Importer(2089858483,192608db42251d675da83286b1cce702) (ScriptedImporter) -> (artifact id: 'ec08c9696e49e672e23b33338261868e') in 0.1823176 seconds
Number of updated asset objects reloaded before import = 0Number of asset objects unloaded after import = 1

========================================================================
Received Import Request.
  Time since last request: 0.000085 seconds.
  path: Assets/AliensAndMarines/Artists Assets/Mamalien/Materials/Mamalien_D.tga
  artifactKey: Guid(d4b6f34402c6c7949a193bb034eda10e) Importer(2089858483,192608db42251d675da83286b1cce702)
Start importing Assets/AliensAndMarines/Artists Assets/Mamalien/Materials/Mamalien_D.tga using Guid(d4b6f34402c6c7949a193bb034eda10e) Importer(2089858483,192608db42251d675da83286b1cce702) (ScriptedImporter) -> (artifact id: 'e8f6213349fd708f07cf37f2f71bdd65') in 0.0104879 seconds
Number of updated asset objects reloaded before import = 0Number of asset objects unloaded after import = 1

========================================================================
Received Import Request.
  Time since last request: 0.000102 seconds.
  path: Assets/Go Systems/GoCharacterController/DemoScenes/Demo/Lightmap-0_comp_shadowmask.png
  artifactKey: Guid(449458d3d8942ce468bbed9f757f833d) Importer(2089858483,192608db42251d675da83286b1cce702)
Start importing Assets/Go Systems/GoCharacterController/DemoScenes/Demo/Lightmap-0_comp_shadowmask.png using Guid(449458d3d8942ce468bbed9f757f833d) Importer(2089858483,192608db42251d675da83286b1cce702) (ScriptedImporter) -> (artifact id: '69aa7fdef8fa0428a102f82de9a98089') in 0.8724948 seconds
Number of updated asset objects reloaded before import = 0Number of asset objects unloaded after import = 1

========================================================================
Received Import Request.
  Time since last request: 0.000091 seconds.
  path: Assets/Go Systems/GoCharacterController/DemoScenes/Demo/Lightmap-33_comp_dir.png
  artifactKey: Guid(ad69d5a4f42f6714c8fb4cf4c8e33a80) Importer(2089858483,192608db42251d675da83286b1cce702)
Start importing Assets/Go Systems/GoCharacterController/DemoScenes/Demo/Lightmap-33_comp_dir.png using Guid(ad69d5a4f42f6714c8fb4cf4c8e33a80) Importer(2089858483,192608db42251d675da83286b1cce702) (ScriptedImporter) -> (artifact id: '4ddd32fa4798394c639fa7995ad39d25') in 0.1790382 seconds
Number of updated asset objects reloaded before import = 0Number of asset objects unloaded after import = 1

========================================================================
Received Import Request.
  Time since last request: 0.000071 seconds.
  path: Assets/Go Systems/GoCharacterController/DemoScenes/Demo/Lightmap-37_comp_light.exr
  artifactKey: Guid(3ebc69c68523e6e4a9fd8f775b72e1f1) Importer(2089858483,192608db42251d675da83286b1cce702)
Start importing Assets/Go Systems/GoCharacterController/DemoScenes/Demo/Lightmap-37_comp_light.exr using Guid(3ebc69c68523e6e4a9fd8f775b72e1f1) Importer(2089858483,192608db42251d675da83286b1cce702) (ScriptedImporter) -> (artifact id: 'ab74862fc974230cb0a6c022689179a0') in 0.3417318 seconds
Number of updated asset objects reloaded before import = 0Number of asset objects unloaded after import = 1

========================================================================
Received Import Request.
  Time since last request: 0.000128 seconds.
  path: Assets/Go Systems/GoCharacterController/DemoScenes/Demo/Lightmap-37_comp_dir.png
  artifactKey: Guid(3c01c620447e2ad4ca896fc4ee10613f) Importer(2089858483,192608db42251d675da83286b1cce702)
Start importing Assets/Go Systems/GoCharacterController/DemoScenes/Demo/Lightmap-37_comp_dir.png using Guid(3c01c620447e2ad4ca896fc4ee10613f) Importer(2089858483,192608db42251d675da83286b1cce702) (ScriptedImporter) -> (artifact id: '167c77c86f3484e64661007ec77e419c') in 0.2821028 seconds
Number of updated asset objects reloaded before import = 0Number of asset objects unloaded after import = 1

========================================================================
Received Import Request.
  Time since last request: 0.000121 seconds.
  path: Assets/Go Systems/GoCharacterController/DemoScenes/Demo/Lightmap-38_comp_shadowmask.png
  artifactKey: Guid(45040521439f11542813046666a7db01) Importer(2089858483,192608db42251d675da83286b1cce702)
Start importing Assets/Go Systems/GoCharacterController/DemoScenes/Demo/Lightmap-38_comp_shadowmask.png using Guid(45040521439f11542813046666a7db01) Importer(2089858483,192608db42251d675da83286b1cce702) (ScriptedImporter) -> (artifact id: '53f6af6105be781fae11de5188033d7b') in 0.7086178 seconds
Number of updated asset objects reloaded before import = 0Number of asset objects unloaded after import = 1

========================================================================
Received Import Request.
  Time since last request: 0.000117 seconds.
  path: Assets/Go Systems/GoCharacterController/DemoScenes/Demo/Lightmap-45_comp_shadowmask.png
  artifactKey: Guid(d4f7eb1fe865d5a458cc15ea10d1a468) Importer(2089858483,192608db42251d675da83286b1cce702)
Start importing Assets/Go Systems/GoCharacterController/DemoScenes/Demo/Lightmap-45_comp_shadowmask.png using Guid(d4f7eb1fe865d5a458cc15ea10d1a468) Importer(2089858483,192608db42251d675da83286b1cce702) (ScriptedImporter) -> (artifact id: '80be147e17057ea3c2157c7ea71b8493') in 0.2332857 seconds
Number of updated asset objects reloaded before import = 0Number of asset objects unloaded after import = 1

========================================================================
Received Import Request.
  Time since last request: 0.000115 seconds.
  path: Assets/Go Systems/GoCharacterController/DemoScenes/Demo/Lightmap-44_comp_shadowmask.png
  artifactKey: Guid(158a9727850ea49499593fa693f9e503) Importer(2089858483,192608db42251d675da83286b1cce702)
Start importing Assets/Go Systems/GoCharacterController/DemoScenes/Demo/Lightmap-44_comp_shadowmask.png using Guid(158a9727850ea49499593fa693f9e503) Importer(2089858483,192608db42251d675da83286b1cce702) (ScriptedImporter) -> (artifact id: '1376e31d04962d39f66f28873cae82fc') in 0.1090235 seconds
Number of updated asset objects reloaded before import = 0Number of asset objects unloaded after import = 1

========================================================================
Received Import Request.
  Time since last request: 0.000129 seconds.
  path: Assets/Prefabs/Rifle 3.prefab
  artifactKey: Guid(e654a43bf9d40c54fb769ebd3c36f780) Importer(2089858483,192608db42251d675da83286b1cce702)
Start importing Assets/Prefabs/Rifle 3.prefab using Guid(e654a43bf9d40c54fb769ebd3c36f780) Importer(2089858483,192608db42251d675da83286b1cce702) (ScriptedImporter) -> (artifact id: '96685856c934eed8d99605cf6fc512e6') in 0.0151154 seconds
Number of updated asset objects reloaded before import = 0Number of asset objects unloaded after import = 18

========================================================================
Received Import Request.
  Time since last request: 0.000024 seconds.
  path: Assets/LowPoly Guns/Meshes/RPJ.fbx
  artifactKey: Guid(bbbabda1de348db41bda1f2ef746ca46) Importer(2089858483,192608db42251d675da83286b1cce702)
Start importing Assets/LowPoly Guns/Meshes/RPJ.fbx using Guid(bbbabda1de348db41bda1f2ef746ca46) Importer(2089858483,192608db42251d675da83286b1cce702) (ScriptedImporter) -> (artifact id: '8d8132a5e6a54c2bc6572b3b42baee24') in 0.0143472 seconds
Number of updated asset objects reloaded before import = 0Number of asset objects unloaded after import = 14

========================================================================
Received Import Request.
  Time since last request: 0.000031 seconds.
  path: Assets/Go Systems/GoCharacterController/DemoScenes/Demo/Lightmap-22_comp_dir.png
  artifactKey: Guid(2dd74a65b70973b4bbbd4fcb40f4cb23) Importer(2089858483,192608db42251d675da83286b1cce702)
Start importing Assets/Go Systems/GoCharacterController/DemoScenes/Demo/Lightmap-22_comp_dir.png using Guid(2dd74a65b70973b4bbbd4fcb40f4cb23) Importer(2089858483,192608db42251d675da83286b1cce702) (ScriptedImporter) -> (artifact id: 'a77e7317930a16fecef993c002127a0b') in 0.2918861 seconds
Number of updated asset objects reloaded before import = 0Number of asset objects unloaded after import = 1

========================================================================
Received Import Request.
  Time since last request: 0.000119 seconds.
  path: Assets/Go Systems/GoCharacterController/DemoScenes/Demo/Lightmap-48_comp_light.exr
  artifactKey: Guid(444da196248676248a81affe585b9ca3) Importer(2089858483,192608db42251d675da83286b1cce702)
Start importing Assets/Go Systems/GoCharacterController/DemoScenes/Demo/Lightmap-48_comp_light.exr using Guid(444da196248676248a81affe585b9ca3) Importer(2089858483,192608db42251d675da83286b1cce702) (ScriptedImporter) -> (artifact id: '0bcc214a1cdeab3e1f2107a182692259') in 0.2278237 seconds
Number of updated asset objects reloaded before import = 0Number of asset objects unloaded after import = 1

========================================================================
Received Import Request.
  Time since last request: 0.000102 seconds.
  path: Assets/Go Systems/GoCharacterController/DemoScenes/Demo/Lightmap-10_comp_light.exr
  artifactKey: Guid(e62677d8ae6561d46933f7240a17811c) Importer(2089858483,192608db42251d675da83286b1cce702)
Start importing Assets/Go Systems/GoCharacterController/DemoScenes/Demo/Lightmap-10_comp_light.exr using Guid(e62677d8ae6561d46933f7240a17811c) Importer(2089858483,192608db42251d675da83286b1cce702) (ScriptedImporter) -> (artifact id: '11df7f268bc65493e0eded6b01d8e9d7') in 0.4640651 seconds
Number of updated asset objects reloaded before import = 0Number of asset objects unloaded after import = 1

========================================================================
Received Import Request.
  Time since last request: 0.000107 seconds.
  path: Assets/Go Systems/GoCharacterController/DemoScenes/Demo/Lightmap-7_comp_light.exr
  artifactKey: Guid(35cf7105d4acdba489ce9a2fab52f283) Importer(2089858483,192608db42251d675da83286b1cce702)
Start importing Assets/Go Systems/GoCharacterController/DemoScenes/Demo/Lightmap-7_comp_light.exr using Guid(35cf7105d4acdba489ce9a2fab52f283) Importer(2089858483,192608db42251d675da83286b1cce702) (ScriptedImporter) -> (artifact id: '3e583ce2498d72d445015b6987d3fbe8') in 0.2003696 seconds
Number of updated asset objects reloaded before import = 0Number of asset objects unloaded after import = 1

========================================================================
Received Import Request.
  Time since last request: 0.000141 seconds.
  path: Assets/Go Systems/GoCharacterController/DemoScenes/Demo/Lightmap-26_comp_dir.png
  artifactKey: Guid(83908915d89a312409425144d5985fef) Importer(2089858483,192608db42251d675da83286b1cce702)
Start importing Assets/Go Systems/GoCharacterController/DemoScenes/Demo/Lightmap-26_comp_dir.png using Guid(83908915d89a312409425144d5985fef) Importer(2089858483,192608db42251d675da83286b1cce702) (ScriptedImporter) -> (artifact id: 'df5e4562a26e74d4eec1d7269908a26a') in 0.1253327 seconds
Number of updated asset objects reloaded before import = 0Number of asset objects unloaded after import = 1

========================================================================
Received Import Request.
  Time since last request: 0.000405 seconds.
  path: Assets/Prefabs/ShotGun 1.prefab
  artifactKey: Guid(7da9b7f1f9995c249b53b45c5ffe5a1f) Importer(2089858483,192608db42251d675da83286b1cce702)
Start importing Assets/Prefabs/ShotGun 1.prefab using Guid(7da9b7f1f9995c249b53b45c5ffe5a1f) Importer(2089858483,192608db42251d675da83286b1cce702) (ScriptedImporter) -> (artifact id: '915c3d5a4f9f5c26d8cb11c68ce804ce') in 0.011996 seconds
Number of updated asset objects reloaded before import = 0Number of asset objects unloaded after import = 10

========================================================================
Received Import Request.
  Time since last request: 0.000028 seconds.
  path: Assets/Go Systems/GoCharacterController/DemoScenes/Demo/Lightmap-30_comp_shadowmask.png
  artifactKey: Guid(eacfbbb85882a18468c101357c6d6fc9) Importer(2089858483,192608db42251d675da83286b1cce702)
Start importing Assets/Go Systems/GoCharacterController/DemoScenes/Demo/Lightmap-30_comp_shadowmask.png using Guid(eacfbbb85882a18468c101357c6d6fc9) Importer(2089858483,192608db42251d675da83286b1cce702) (ScriptedImporter) -> (artifact id: 'e972142ceac88cbb0f4ba1575694b25a') in 0.2900365 seconds
Number of updated asset objects reloaded before import = 0Number of asset objects unloaded after import = 1

========================================================================
Received Import Request.
  Time since last request: 0.000084 seconds.
  path: Assets/Go Systems/GoCharacterController/DemoScenes/Demo/Lightmap-9_comp_light.exr
  artifactKey: Guid(cd4c46233eabd1d4c812cbc28cf659fd) Importer(2089858483,192608db42251d675da83286b1cce702)
Start importing Assets/Go Systems/GoCharacterController/DemoScenes/Demo/Lightmap-9_comp_light.exr using Guid(cd4c46233eabd1d4c812cbc28cf659fd) Importer(2089858483,192608db42251d675da83286b1cce702) (ScriptedImporter) -> (artifact id: '2d9b7430468f9309a6ddf472e278767f') in 0.3120534 seconds
Number of updated asset objects reloaded before import = 0Number of asset objects unloaded after import = 1

========================================================================
Received Import Request.
  Time since last request: 0.000150 seconds.
  path: Assets/Go Systems/GoCharacterController/DemoScenes/Demo/ReflectionProbe-0.exr
  artifactKey: Guid(911a7b5347a8d6246be7ae97f625a7dd) Importer(2089858483,192608db42251d675da83286b1cce702)
Start importing Assets/Go Systems/GoCharacterController/DemoScenes/Demo/ReflectionProbe-0.exr using Guid(911a7b5347a8d6246be7ae97f625a7dd) Importer(2089858483,192608db42251d675da83286b1cce702) (ScriptedImporter) -> (artifact id: '8fe9603ca681d4958baf4b9e02025a61') in 0.1870709 seconds
Number of updated asset objects reloaded before import = 0Number of asset objects unloaded after import = 1

========================================================================
Received Import Request.
  Time since last request: 0.000082 seconds.
  path: Assets/Go Systems/GoCharacterController/DemoScenes/Demo/Lightmap-21_comp_light.exr
  artifactKey: Guid(639f5953c5198134eb81a199b7c3c124) Importer(2089858483,192608db42251d675da83286b1cce702)
Start importing Assets/Go Systems/GoCharacterController/DemoScenes/Demo/Lightmap-21_comp_light.exr using Guid(639f5953c5198134eb81a199b7c3c124) Importer(2089858483,192608db42251d675da83286b1cce702) (ScriptedImporter) -> (artifact id: '026d13de575a947aed6ce3a845ed72ea') in 0.672027 seconds
Number of updated asset objects reloaded before import = 0Number of asset objects unloaded after import = 1

========================================================================
Received Import Request.
  Time since last request: 0.000175 seconds.
  path: Assets/Go Systems/GoCharacterController/models/Models/um_130886.asset
  artifactKey: Guid(f14b9fa13c4cf194a860c33c318b4ec2) Importer(2089858483,192608db42251d675da83286b1cce702)
Start importing Assets/Go Systems/GoCharacterController/models/Models/um_130886.asset using Guid(f14b9fa13c4cf194a860c33c318b4ec2) Importer(2089858483,192608db42251d675da83286b1cce702) (ScriptedImporter) -> (artifact id: 'e6af408d0dca17ed70ea9675c1af8509') in 0.6588572 seconds
Number of updated asset objects reloaded before import = 0Number of asset objects unloaded after import = 1

========================================================================
Received Import Request.
  Time since last request: 0.000127 seconds.
  path: Assets/Go Systems/GoCharacterController/models/materal/M_orT.mat
  artifactKey: Guid(8c222e396d80ac44ab0b55ac7fb0a170) Importer(2089858483,192608db42251d675da83286b1cce702)
Start importing Assets/Go Systems/GoCharacterController/models/materal/M_orT.mat using Guid(8c222e396d80ac44ab0b55ac7fb0a170) Importer(2089858483,192608db42251d675da83286b1cce702) (ScriptedImporter) -> (artifact id: 'd1e8f67fcabc2de968496264a7b0f346') in 5.3448704 seconds
Number of updated asset objects reloaded before import = 0Number of asset objects unloaded after import = 4

========================================================================
Received Import Request.
  Time since last request: 0.000029 seconds.
  path: Assets/Go Systems/GoCharacterController/script/prefab/zipline.prefab
  artifactKey: Guid(a9ac52ebabdb47a42bee3d4c1f7c8749) Importer(2089858483,192608db42251d675da83286b1cce702)
Start importing Assets/Go Systems/GoCharacterController/script/prefab/zipline.prefab using Guid(a9ac52ebabdb47a42bee3d4c1f7c8749) Importer(2089858483,192608db42251d675da83286b1cce702) (ScriptedImporter) -> (artifact id: 'd7b2efd22136a6fe0a02978cd7b908f6') in 0.0767352 seconds
Number of updated asset objects reloaded before import = 0Number of asset objects unloaded after import = 48

========================================================================
Received Import Request.
  Time since last request: 0.000051 seconds.
  path: Assets/Go Systems/GoCharacterController/DemoScenes/Demo/Lightmap-32_comp_light.exr
  artifactKey: Guid(b3e9f62ce00dff8489d0357617107a56) Importer(2089858483,192608db42251d675da83286b1cce702)
Start importing Assets/Go Systems/GoCharacterController/DemoScenes/Demo/Lightmap-32_comp_light.exr using Guid(b3e9f62ce00dff8489d0357617107a56) Importer(2089858483,192608db42251d675da83286b1cce702) (ScriptedImporter) -> (artifact id: '65a54cb08893ebb8e9f4d9cd740e1db2') in 0.8182072 seconds
Number of updated asset objects reloaded before import = 0Number of asset objects unloaded after import = 1

========================================================================
Received Import Request.
  Time since last request: 0.000091 seconds.
  path: Assets/Go Systems/GoCharacterController/models/materal/Black.mat
  artifactKey: Guid(4d9907cf8e1066c47b62c88dee1b7a6b) Importer(2089858483,192608db42251d675da83286b1cce702)
Start importing Assets/Go Systems/GoCharacterController/models/materal/Black.mat using Guid(4d9907cf8e1066c47b62c88dee1b7a6b) Importer(2089858483,192608db42251d675da83286b1cce702) (ScriptedImporter) -> (artifact id: 'bc4e4e7b07d70f89775972a14136d812') in 0.0144499 seconds
Number of updated asset objects reloaded before import = 0Number of asset objects unloaded after import = 3

========================================================================
Received Import Request.
  Time since last request: 0.000034 seconds.
  path: Assets/Go Systems/GoCharacterController/script/prefab/R52.prefab
  artifactKey: Guid(b42b099d37a20fa4785e81257e7d4c0e) Importer(2089858483,192608db42251d675da83286b1cce702)
Start importing Assets/Go Systems/GoCharacterController/script/prefab/R52.prefab using Guid(b42b099d37a20fa4785e81257e7d4c0e) Importer(2089858483,192608db42251d675da83286b1cce702) (ScriptedImporter) -> (artifact id: '05950eb47f1537390a3c6a020be64a54') in 0.166692 seconds
Number of updated asset objects reloaded before import = 0Number of asset objects unloaded after import = 1001

========================================================================
Received Import Request.
  Time since last request: 0.000034 seconds.
  path: Assets/Go Systems/GoCharacterController/DemoScenes/Demo/Lightmap-8_comp_dir.png
  artifactKey: Guid(7bc118aba48b4014bb04c655b505d784) Importer(2089858483,192608db42251d675da83286b1cce702)
Start importing Assets/Go Systems/GoCharacterController/DemoScenes/Demo/Lightmap-8_comp_dir.png using Guid(7bc118aba48b4014bb04c655b505d784) Importer(2089858483,192608db42251d675da83286b1cce702) (ScriptedImporter) -> (artifact id: '74e7cf495ddb8802d0889539ac477547') in 0.4157404 seconds
Number of updated asset objects reloaded before import = 0Number of asset objects unloaded after import = 1

========================================================================
Received Import Request.
  Time since last request: 0.000079 seconds.
  path: Assets/Go Systems/GoCharacterController/Sounds/ZipLine/Zipline Sound Effect.wav
  artifactKey: Guid(069c5766f9e18e64cb9e7ba65fe67819) Importer(2089858483,192608db42251d675da83286b1cce702)
Start importing Assets/Go Systems/GoCharacterController/Sounds/ZipLine/Zipline Sound Effect.wav using Guid(069c5766f9e18e64cb9e7ba65fe67819) Importer(2089858483,192608db42251d675da83286b1cce702) (ScriptedImporter) -> (artifact id: '8dfd3da396b1316396d220d1b2bd8c53') in 0.0590189 seconds
Number of updated asset objects reloaded before import = 0Number of asset objects unloaded after import = 1

========================================================================
Received Import Request.
  Time since last request: 0.000079 seconds.
  path: Assets/Go Systems/GoCharacterController/animation/animationCharcter/Locomotion/Idel.fbx
  artifactKey: Guid(58a8bf1c1e28efb47a302c3cfe087e80) Importer(2089858483,192608db42251d675da83286b1cce702)
Start importing Assets/Go Systems/GoCharacterController/animation/animationCharcter/Locomotion/Idel.fbx using Guid(58a8bf1c1e28efb47a302c3cfe087e80) Importer(2089858483,192608db42251d675da83286b1cce702) (ScriptedImporter) -> (artifact id: '7ef719736195e0c99694e39fedad5ec2') in 0.1049997 seconds
Number of updated asset objects reloaded before import = 0Number of asset objects unloaded after import = 519

========================================================================
Received Import Request.
  Time since last request: 0.000037 seconds.
  path: Assets/Go Systems/GoCharacterController/DemoScenes/Demo/Lightmap-1_comp_dir.png
  artifactKey: Guid(95c651454f9809c4e99177e13e986f87) Importer(2089858483,192608db42251d675da83286b1cce702)
Start importing Assets/Go Systems/GoCharacterController/DemoScenes/Demo/Lightmap-1_comp_dir.png using Guid(95c651454f9809c4e99177e13e986f87) Importer(2089858483,192608db42251d675da83286b1cce702) (ScriptedImporter) -> (artifact id: 'e348a3c18447e685c462522dacdaa069') in 0.1977639 seconds
Number of updated asset objects reloaded before import = 0Number of asset objects unloaded after import = 1

========================================================================
Received Import Request.
  Time since last request: 0.000141 seconds.
  path: Assets/Go Systems/GoCharacterController/animation/animationCharcter/statue/R52 Standing Pose.fbx
  artifactKey: Guid(5ddae57f0d7209c4abba971546a3ad14) Importer(2089858483,192608db42251d675da83286b1cce702)
Start importing Assets/Go Systems/GoCharacterController/animation/animationCharcter/statue/R52 Standing Pose.fbx using Guid(5ddae57f0d7209c4abba971546a3ad14) Importer(2089858483,192608db42251d675da83286b1cce702) (ScriptedImporter) -> (artifact id: '221d5bf7b0d96c83df3b40362ccf1a72') in 0.658576 seconds
Number of updated asset objects reloaded before import = 0Number of asset objects unloaded after import = 839

========================================================================
Received Import Request.
  Time since last request: 0.000032 seconds.
  path: Assets/Go Systems/GoCharacterController/models/textures/R52 textures/R52 - Head Texture_Head_Emission.png
  artifactKey: Guid(f4a2c817dca4f4f4e9313f1bc216024a) Importer(2089858483,192608db42251d675da83286b1cce702)
Start importing Assets/Go Systems/GoCharacterController/models/textures/R52 textures/R52 - Head Texture_Head_Emission.png using Guid(f4a2c817dca4f4f4e9313f1bc216024a) Importer(2089858483,192608db42251d675da83286b1cce702) (ScriptedImporter) -> (artifact id: 'afbc776f4295604b6913bfa526782cef') in 0.0264333 seconds
Number of updated asset objects reloaded before import = 0Number of asset objects unloaded after import = 1

========================================================================
Received Import Request.
  Time since last request: 0.000059 seconds.
  path: Assets/Go Systems/GoCharacterController/models/textures/Livel/Untitled-1-nor.png
  artifactKey: Guid(256fb572c818f5d40a6ef70baf2efecc) Importer(2089858483,192608db42251d675da83286b1cce702)
Start importing Assets/Go Systems/GoCharacterController/models/textures/Livel/Untitled-1-nor.png using Guid(256fb572c818f5d40a6ef70baf2efecc) Importer(2089858483,192608db42251d675da83286b1cce702) (ScriptedImporter) -> (artifact id: 'bea3d2dbaae45c60a2576d73c8da741f') in 0.0157116 seconds
Number of updated asset objects reloaded before import = 0Number of asset objects unloaded after import = 1

========================================================================
Received Import Request.
  Time since last request: 0.000191 seconds.
  path: Assets/Go Systems/GoCharacterController/models/Models/Go Systems Charcter/R52.fbx
  artifactKey: Guid(f6e28953946804d4db681bf3f4faf885) Importer(2089858483,192608db42251d675da83286b1cce702)
Start importing Assets/Go Systems/GoCharacterController/models/Models/Go Systems Charcter/R52.fbx using Guid(f6e28953946804d4db681bf3f4faf885) Importer(2089858483,192608db42251d675da83286b1cce702) (ScriptedImporter) -> (artifact id: '1f4344ac85e5930b36480d6b9bd9d03f') in 0.1565053 seconds
Number of updated asset objects reloaded before import = 0Number of asset objects unloaded after import = 837

========================================================================
Received Import Request.
  Time since last request: 0.000037 seconds.
  path: Assets/Go Systems/GoCharacterController/models/textures/R52 textures/R52n_-_Body_Texture_Body_AO.png
  artifactKey: Guid(986a5446377a30147b8b091df58bb6fb) Importer(2089858483,192608db42251d675da83286b1cce702)
Start importing Assets/Go Systems/GoCharacterController/models/textures/R52 textures/R52n_-_Body_Texture_Body_AO.png using Guid(986a5446377a30147b8b091df58bb6fb) Importer(2089858483,192608db42251d675da83286b1cce702) (ScriptedImporter) -> (artifact id: 'f8245de3de3d09872633d034adce0628') in 0.0220306 seconds
Number of updated asset objects reloaded before import = 0Number of asset objects unloaded after import = 1

========================================================================
Received Import Request.
  Time since last request: 0.000132 seconds.
  path: Assets/Go Systems/GoCharacterController/models/textures/R52 textures/R52n_-_Head_Texture_Head_MetallicSmoothn.png
  artifactKey: Guid(5752468d4bd67d3499a7539bcdbf0976) Importer(2089858483,192608db42251d675da83286b1cce702)
Start importing Assets/Go Systems/GoCharacterController/models/textures/R52 textures/R52n_-_Head_Texture_Head_MetallicSmoothn.png using Guid(5752468d4bd67d3499a7539bcdbf0976) Importer(2089858483,192608db42251d675da83286b1cce702) (ScriptedImporter) -> (artifact id: 'dd68a20e54de4e26a331061737161013') in 0.0184026 seconds
Number of updated asset objects reloaded before import = 0Number of asset objects unloaded after import = 1

========================================================================
Received Import Request.
  Time since last request: 0.000328 seconds.
  path: Assets/Go Systems/GoCharacterController/models/textures/R52 textures/R52 - Legs Texture_Legs_AlbedoTransparency.png
  artifactKey: Guid(1b0237073dc5add4987963319d3f8e93) Importer(2089858483,192608db42251d675da83286b1cce702)
Start importing Assets/Go Systems/GoCharacterController/models/textures/R52 textures/R52 - Legs Texture_Legs_AlbedoTransparency.png using Guid(1b0237073dc5add4987963319d3f8e93) Importer(2089858483,192608db42251d675da83286b1cce702) (ScriptedImporter) -> (artifact id: 'e0fe912e80942b6a1c536b6e2e31354c') in 0.0134173 seconds
Number of updated asset objects reloaded before import = 0Number of asset objects unloaded after import = 1

========================================================================
Received Import Request.
  Time since last request: 0.000191 seconds.
  path: Assets/Go Systems/GoCharacterController/models/textures/R52 textures/R52n_-_Head_Texture_Head_AO.png
  artifactKey: Guid(eb86ee62a2ed25b41b1f28a2b4f975fc) Importer(2089858483,192608db42251d675da83286b1cce702)
Start importing Assets/Go Systems/GoCharacterController/models/textures/R52 textures/R52n_-_Head_Texture_Head_AO.png using Guid(eb86ee62a2ed25b41b1f28a2b4f975fc) Importer(2089858483,192608db42251d675da83286b1cce702) (ScriptedImporter) -> (artifact id: '6ebee46b7e2d85d91e185feb0e0d355a') in 0.0152007 seconds
Number of updated asset objects reloaded before import = 0Number of asset objects unloaded after import = 1

========================================================================
Received Import Request.
  Time since last request: 0.000083 seconds.
  path: Assets/Go Systems/GoCharacterController/DemoScenes/Demo/Lightmap-8_comp_shadowmask.png
  artifactKey: Guid(d07925f7921447142a4c30de7f2672a4) Importer(2089858483,192608db42251d675da83286b1cce702)
Start importing Assets/Go Systems/GoCharacterController/DemoScenes/Demo/Lightmap-8_comp_shadowmask.png using Guid(d07925f7921447142a4c30de7f2672a4) Importer(2089858483,192608db42251d675da83286b1cce702) (ScriptedImporter) -> (artifact id: '5c20ac62a8f7e7e93986346234daf912') in 0.3241774 seconds
Number of updated asset objects reloaded before import = 0Number of asset objects unloaded after import = 1

========================================================================
Received Import Request.
  Time since last request: 0.000197 seconds.
  path: Assets/Go Systems/GoCharacterController/models/textures/R52 textures/R52n_-_Legs_Texture_Legs_Normal.png
  artifactKey: Guid(1b1cc04ffc3eb3f47b0eeec5ab4d3415) Importer(2089858483,192608db42251d675da83286b1cce702)
Start importing Assets/Go Systems/GoCharacterController/models/textures/R52 textures/R52n_-_Legs_Texture_Legs_Normal.png using Guid(1b1cc04ffc3eb3f47b0eeec5ab4d3415) Importer(2089858483,192608db42251d675da83286b1cce702) (ScriptedImporter) -> (artifact id: '572112d9eefcf2b7afc1876e9a38f80e') in 0.0155755 seconds
Number of updated asset objects reloaded before import = 0Number of asset objects unloaded after import = 1

========================================================================
Received Import Request.
  Time since last request: 0.000079 seconds.
  path: Assets/Go Systems/GoCharacterController/script/Editor/Resources/GUISkin.guiskin
  artifactKey: Guid(ae3ea95c26a25934d89be42cd17982be) Importer(2089858483,192608db42251d675da83286b1cce702)
Start importing Assets/Go Systems/GoCharacterController/script/Editor/Resources/GUISkin.guiskin using Guid(ae3ea95c26a25934d89be42cd17982be) Importer(2089858483,192608db42251d675da83286b1cce702) (ScriptedImporter) -> (artifact id: 'ca23f4c79be5db29b3e0aa4e8596a64e') in 0.17584 seconds
Number of updated asset objects reloaded before import = 0Number of asset objects unloaded after import = 3

========================================================================
Received Import Request.
  Time since last request: 0.000021 seconds.
  path: Assets/Go Systems/GoCharacterController/animation/animationCharcter/Jump/Idel Jump/fly jump.fbx
  artifactKey: Guid(cb8da3dd1c24d74489f1b82cd118497f) Importer(2089858483,192608db42251d675da83286b1cce702)
Start importing Assets/Go Systems/GoCharacterController/animation/animationCharcter/Jump/Idel Jump/fly jump.fbx using Guid(cb8da3dd1c24d74489f1b82cd118497f) Importer(2089858483,192608db42251d675da83286b1cce702) (ScriptedImporter) -> (artifact id: '124015c8bb64b40a2220fe8a8bf0e64c') in 0.0993493 seconds
Number of updated asset objects reloaded before import = 0Number of asset objects unloaded after import = 519

========================================================================
Received Import Request.
  Time since last request: 0.000029 seconds.
  path: Assets/Go Systems/GoCharacterController/script/Editor/Resources/win3.png
  artifactKey: Guid(b66e0eacbdea60e4c8253899e43d5747) Importer(2089858483,192608db42251d675da83286b1cce702)
Start importing Assets/Go Systems/GoCharacterController/script/Editor/Resources/win3.png using Guid(b66e0eacbdea60e4c8253899e43d5747) Importer(2089858483,192608db42251d675da83286b1cce702) (ScriptedImporter) -> (artifact id: '1d4f04005e02ebaed35330656b102849') in 0.0190567 seconds
Number of updated asset objects reloaded before import = 0Number of asset objects unloaded after import = 1

========================================================================
Received Import Request.
  Time since last request: 0.000124 seconds.
  path: Assets/Go Systems/GoCharacterController/animation/animationCharcter/Jump/Move Jump/stard jump.fbx
  artifactKey: Guid(fe59848a4f5091e43a396d095f04016c) Importer(2089858483,192608db42251d675da83286b1cce702)
Start importing Assets/Go Systems/GoCharacterController/animation/animationCharcter/Jump/Move Jump/stard jump.fbx using Guid(fe59848a4f5091e43a396d095f04016c) Importer(2089858483,192608db42251d675da83286b1cce702) (ScriptedImporter) -> (artifact id: 'ede0ab6d556e49e4e39b47c60846f134') in 0.0489512 seconds
Number of updated asset objects reloaded before import = 0Number of asset objects unloaded after import = 521

========================================================================
Received Import Request.
  Time since last request: 0.000028 seconds.
  path: Assets/Go Systems/GoCharacterController/DemoScenes/Demo/Lightmap-19_comp_light.exr
  artifactKey: Guid(b0df7880855081847b693a5213b262bd) Importer(2089858483,192608db42251d675da83286b1cce702)
Start importing Assets/Go Systems/GoCharacterController/DemoScenes/Demo/Lightmap-19_comp_light.exr using Guid(b0df7880855081847b693a5213b262bd) Importer(2089858483,192608db42251d675da83286b1cce702) (ScriptedImporter) -> (artifact id: 'c5a1582570c37b8168eb238d66ccd8ba') in 0.1031231 seconds
Number of updated asset objects reloaded before import = 0Number of asset objects unloaded after import = 1

========================================================================
Received Import Request.
  Time since last request: 0.000090 seconds.
  path: Assets/Go Systems/GoCharacterController/animation/animationCharcter/Locomotion/Crouch/Crouch To Standing.fbx
  artifactKey: Guid(62610b09fce85ec469bca3dc00659489) Importer(2089858483,192608db42251d675da83286b1cce702)
Start importing Assets/Go Systems/GoCharacterController/animation/animationCharcter/Locomotion/Crouch/Crouch To Standing.fbx using Guid(62610b09fce85ec469bca3dc00659489) Importer(2089858483,192608db42251d675da83286b1cce702) (ScriptedImporter) -> (artifact id: 'cef51c4000f1ee8035bcd0157a8704d4') in 0.103309 seconds
Number of updated asset objects reloaded before import = 0Number of asset objects unloaded after import = 519

========================================================================
Received Import Request.
  Time since last request: 0.000035 seconds.
  path: Assets/Go Systems/GoCharacterController/DemoScenes/Demo/Lightmap-32_comp_dir.png
  artifactKey: Guid(cdd19794bb8bf6547843694610dd4308) Importer(2089858483,192608db42251d675da83286b1cce702)
Start importing Assets/Go Systems/GoCharacterController/DemoScenes/Demo/Lightmap-32_comp_dir.png using Guid(cdd19794bb8bf6547843694610dd4308) Importer(2089858483,192608db42251d675da83286b1cce702) (ScriptedImporter) -> (artifact id: '905a93549ed05d17fd3b65529b9e061d') in 0.1867033 seconds
Number of updated asset objects reloaded before import = 0Number of asset objects unloaded after import = 1

========================================================================
Received Import Request.
  Time since last request: 0.000130 seconds.
  path: Assets/Go Systems/GoCharacterController/DemoScenes/Demo/Lightmap-24_comp_dir.png
  artifactKey: Guid(bac2f7cff9109bc4ca538ff806751296) Importer(2089858483,192608db42251d675da83286b1cce702)
Start importing Assets/Go Systems/GoCharacterController/DemoScenes/Demo/Lightmap-24_comp_dir.png using Guid(bac2f7cff9109bc4ca538ff806751296) Importer(2089858483,192608db42251d675da83286b1cce702) (ScriptedImporter) -> (artifact id: '6edb318be2f1d8b145328077b8e3c5e8') in 0.1264817 seconds
Number of updated asset objects reloaded before import = 0Number of asset objects unloaded after import = 1

========================================================================
Received Import Request.
  Time since last request: 0.000078 seconds.
  path: Assets/Go Systems/GoCharacterController/animation/animationCharcter/Locomotion/Sprint.fbx
  artifactKey: Guid(9651d019f01c5d6468a970280ecfe7a8) Importer(2089858483,192608db42251d675da83286b1cce702)
Start importing Assets/Go Systems/GoCharacterController/animation/animationCharcter/Locomotion/Sprint.fbx using Guid(9651d019f01c5d6468a970280ecfe7a8) Importer(2089858483,192608db42251d675da83286b1cce702) (ScriptedImporter) -> (artifact id: 'b5c59316e3fb0a06c27fc8772e7a9b2b') in 0.0565833 seconds
Number of updated asset objects reloaded before import = 0Number of asset objects unloaded after import = 519

========================================================================
Received Import Request.
  Time since last request: 0.000023 seconds.
  path: Assets/Go Systems/GoCharacterController/models/textures/R52 textures/R52 - Legs Texture_Legs_Emission.png
  artifactKey: Guid(bed59e73d0cffdb4885e5ce810f4ffe8) Importer(2089858483,192608db42251d675da83286b1cce702)
Start importing Assets/Go Systems/GoCharacterController/models/textures/R52 textures/R52 - Legs Texture_Legs_Emission.png using Guid(bed59e73d0cffdb4885e5ce810f4ffe8) Importer(2089858483,192608db42251d675da83286b1cce702) (ScriptedImporter) -> (artifact id: '70e2a0710e0bd28dccdc43d276b07977') in 0.0147124 seconds
Number of updated asset objects reloaded before import = 0Number of asset objects unloaded after import = 1

========================================================================
Received Import Request.
  Time since last request: 0.000075 seconds.
  path: Assets/Go Systems/GoCharacterController/DemoScenes/Demo/Lightmap-32_comp_shadowmask.png
  artifactKey: Guid(4db36cb3283e0ba4caf46da00d778d01) Importer(2089858483,192608db42251d675da83286b1cce702)
Start importing Assets/Go Systems/GoCharacterController/DemoScenes/Demo/Lightmap-32_comp_shadowmask.png using Guid(4db36cb3283e0ba4caf46da00d778d01) Importer(2089858483,192608db42251d675da83286b1cce702) (ScriptedImporter) -> (artifact id: '3ae976ec5710efdd43591ef2ce502f14') in 0.1729558 seconds
Number of updated asset objects reloaded before import = 0Number of asset objects unloaded after import = 1

========================================================================
Received Import Request.
  Time since last request: 0.000207 seconds.
  path: Assets/Go Systems/GoCharacterController/DemoScenes/Demo/Lightmap-24_comp_light.exr
  artifactKey: Guid(3b4de1d365dab0e4f833d105e992c0cf) Importer(2089858483,192608db42251d675da83286b1cce702)
Start importing Assets/Go Systems/GoCharacterController/DemoScenes/Demo/Lightmap-24_comp_light.exr using Guid(3b4de1d365dab0e4f833d105e992c0cf) Importer(2089858483,192608db42251d675da83286b1cce702) (ScriptedImporter) -> (artifact id: '433d6359d9001024d08e916bc865c381') in 0.2765807 seconds
Number of updated asset objects reloaded before import = 0Number of asset objects unloaded after import = 1

========================================================================
Received Import Request.
  Time since last request: 0.000076 seconds.
  path: Assets/Go Systems/GoCharacterController/DemoScenes/Demo/Lightmap-36_comp_light.exr
  artifactKey: Guid(8da714b2857f9934dbc0888f02923f4b) Importer(2089858483,192608db42251d675da83286b1cce702)
Start importing Assets/Go Systems/GoCharacterController/DemoScenes/Demo/Lightmap-36_comp_light.exr using Guid(8da714b2857f9934dbc0888f02923f4b) Importer(2089858483,192608db42251d675da83286b1cce702) (ScriptedImporter) -> (artifact id: '3e9a30ea52d3f5370ac444e7a7cab323') in 0.1737258 seconds
Number of updated asset objects reloaded before import = 0Number of asset objects unloaded after import = 1

========================================================================
Received Import Request.
  Time since last request: 0.000098 seconds.
  path: Assets/Go Systems/GoCharacterController/DemoScenes/Demo/Lightmap-0_comp_light.exr
  artifactKey: Guid(52856646747468844866e21e2ac2c92d) Importer(2089858483,192608db42251d675da83286b1cce702)
Start importing Assets/Go Systems/GoCharacterController/DemoScenes/Demo/Lightmap-0_comp_light.exr using Guid(52856646747468844866e21e2ac2c92d) Importer(2089858483,192608db42251d675da83286b1cce702) (ScriptedImporter) -> (artifact id: 'cdc2c18af52b173aea317554390cee9a') in 0.7460334 seconds
Number of updated asset objects reloaded before import = 0Number of asset objects unloaded after import = 1

========================================================================
Received Import Request.
  Time since last request: 0.000296 seconds.
  path: Assets/Extreme Sci-Fi LITE/Textures/Utility_Map_1.png
  artifactKey: Guid(a823a0dd86d2f5243b42041617132ef1) Importer(2089858483,192608db42251d675da83286b1cce702)
Start importing Assets/Extreme Sci-Fi LITE/Textures/Utility_Map_1.png using Guid(a823a0dd86d2f5243b42041617132ef1) Importer(2089858483,192608db42251d675da83286b1cce702) (ScriptedImporter) -> (artifact id: '289d75431454ee922896b22b9070bf81') in 0.0207848 seconds
Number of updated asset objects reloaded before import = 0Number of asset objects unloaded after import = 1

========================================================================
Received Import Request.
  Time since last request: 0.000072 seconds.
  path: Assets/AliensAndMarines/Artists Assets/MarineFacility/Materials/MarineFacilityD.tga
  artifactKey: Guid(e4e749f652663d841a4b647eedf7c9aa) Importer(2089858483,192608db42251d675da83286b1cce702)
Start importing Assets/AliensAndMarines/Artists Assets/MarineFacility/Materials/MarineFacilityD.tga using Guid(e4e749f652663d841a4b647eedf7c9aa) Importer(2089858483,192608db42251d675da83286b1cce702) (ScriptedImporter) -> (artifact id: 'f70d102a8b298fb8261555f9d72a6225') in 0.8401174 seconds
Number of updated asset objects reloaded before import = 0Number of asset objects unloaded after import = 1

========================================================================
Received Import Request.
  Time since last request: 0.000138 seconds.
  path: Assets/Go Systems/GoCharacterController/DemoScenes/Demo/Lightmap-42_comp_light.exr
  artifactKey: Guid(607248ad32fd4d84db29fbf1f969781d) Importer(2089858483,192608db42251d675da83286b1cce702)
Start importing Assets/Go Systems/GoCharacterController/DemoScenes/Demo/Lightmap-42_comp_light.exr using Guid(607248ad32fd4d84db29fbf1f969781d) Importer(2089858483,192608db42251d675da83286b1cce702) (ScriptedImporter) -> (artifact id: '7e33919c0801342e3db949eb18ef3c37') in 1.165347 seconds
Number of updated asset objects reloaded before import = 0Number of asset objects unloaded after import = 1

========================================================================
Received Import Request.
  Time since last request: 0.000128 seconds.
  path: Assets/Go Systems/GoCharacterController/models/materal/M_BT.mat
  artifactKey: Guid(fa54559d71f1e9440ace0359b79958ed) Importer(2089858483,192608db42251d675da83286b1cce702)
Start importing Assets/Go Systems/GoCharacterController/models/materal/M_BT.mat using Guid(fa54559d71f1e9440ace0359b79958ed) Importer(2089858483,192608db42251d675da83286b1cce702) (ScriptedImporter) -> (artifact id: '63d4fc5ac341cb83097062ffae4f725b') in 0.0233924 seconds
Number of updated asset objects reloaded before import = 0Number of asset objects unloaded after import = 4

========================================================================
Received Import Request.
  Time since last request: 0.000036 seconds.
  path: Assets/Go Systems/GoCharacterController/DemoScenes/Demo/Lightmap-11_comp_light.exr
  artifactKey: Guid(d26e030e3b7ce5c408a7e060c7ccf0a5) Importer(2089858483,192608db42251d675da83286b1cce702)
Start importing Assets/Go Systems/GoCharacterController/DemoScenes/Demo/Lightmap-11_comp_light.exr using Guid(d26e030e3b7ce5c408a7e060c7ccf0a5) Importer(2089858483,192608db42251d675da83286b1cce702) (ScriptedImporter) -> (artifact id: 'a8976fb5f5691793476cd40c41bd147e') in 0.9566882 seconds
Number of updated asset objects reloaded before import = 0Number of asset objects unloaded after import = 1

========================================================================
Received Import Request.
  Time since last request: 7.460821 seconds.
  path: Assets/Prefabs/Rifle 3.prefab
  artifactKey: Guid(e654a43bf9d40c54fb769ebd3c36f780) Importer(815301076,1909f56bfc062723c751e8b465ee728b)
Start importing Assets/Prefabs/Rifle 3.prefab using Guid(e654a43bf9d40c54fb769ebd3c36f780) Importer(815301076,1909f56bfc062723c751e8b465ee728b) (PreviewImporter) -> (artifact id: 'a923a7801cc46d5df200afea158251dc') in 0.0996538 seconds
Number of updated asset objects reloaded before import = 0Number of asset objects unloaded after import = 19

Editor requested this worker to shutdown with reason: Scaling down because of idle timeout
AssetImportWorker is now disconnected from the server
Process exiting
Exiting without the bug reporter. Application will terminate with return code 0